<?xml version='1.0'?>
<ns2:test-suite xmlns:ns2='urn:model.allure.qatools.yandex.ru' start='1538847050924' stop='1538847066125'>
    <name>Trade Search Test</name>
    <title>Trade Search Test</title>
    <test-cases>
        <test-case start='1538847051056' status='passed' stop='1538847061311'>
            <name>login to trade search</name>
            <title>login to trade search</title>
            <labels/>
            <parameters/>
            <steps/>
            <attachments>
                <attachment title='Screenshot' source='e233aa0b-672c-47c9-9715-329f3ee396ed-attachment.png' type='image/png' size='40408'/>
            </attachments>
        </test-case>
        <test-case start='1538847061311' status='pending' stop='1538847061312'>
            <name>search the trade</name>
            <title>search the trade</title>
            <labels/>
            <parameters/>
            <steps/>
            <attachments/>
            <failure>
                <message>Temporarily disabled with xit</message>
                <stack-trace></stack-trace>
            </failure>
        </test-case>
        <test-case start='1538847061312' status='pending' stop='1538847061312'>
            <name>enter the details for trade create</name>
            <title>enter the details for trade create</title>
            <labels/>
            <parameters/>
            <steps/>
            <attachments/>
            <failure>
                <message>Temporarily disabled with xit</message>
                <stack-trace></stack-trace>
            </failure>
        </test-case>
        <test-case start='1538847061312' status='pending' stop='1538847061312'>
            <name>delete the trade</name>
            <title>delete the trade</title>
            <labels/>
            <parameters/>
            <steps/>
            <attachments/>
            <failure>
                <message>Temporarily disabled with xit</message>
                <stack-trace></stack-trace>
            </failure>
        </test-case>
        <test-case start='1538847061312' status='failed' stop='1538847066124'>
            <name>edit the trade</name>
            <title>edit the trade</title>
            <labels/>
            <parameters/>
            <steps/>
            <attachments>
                <attachment title='Screenshot' source='19000f3b-6884-4018-81d3-1c49f76e1a1d-attachment.png' type='image/png' size='252039'/>
            </attachments>
            <failure>
                <message>Failed: No element found using locator: By(css selector, *[id="createTrade"])</message>
                <stack-trace>NoSuchElementError: No element found using locator: By(css selector, *[id="createTrade"])
                    at elementArrayFinder.getWebElements.then (/Users/himanshuarora/WebDevelopment/_vv/met323-app/GUITests_Protractor/node_modules/protractor/built/element.js:814:27)
                    at ManagedPromise.invokeCallback_ (/Users/himanshuarora/WebDevelopment/_vv/met323-app/GUITests_Protractor/node_modules/selenium-webdriver/lib/promise.js:1376:14)
                    at TaskQueue.execute_ (/Users/himanshuarora/WebDevelopment/_vv/met323-app/GUITests_Protractor/node_modules/selenium-webdriver/lib/promise.js:3084:14)
                    at TaskQueue.executeNext_ (/Users/himanshuarora/WebDevelopment/_vv/met323-app/GUITests_Protractor/node_modules/selenium-webdriver/lib/promise.js:3067:27)
                    at asyncRun (/Users/himanshuarora/WebDevelopment/_vv/met323-app/GUITests_Protractor/node_modules/selenium-webdriver/lib/promise.js:2927:27)
                    at /Users/himanshuarora/WebDevelopment/_vv/met323-app/GUITests_Protractor/node_modules/selenium-webdriver/lib/promise.js:668:7
                    at process._tickCallback (internal/process/next_tick.js:68:7)Error
                    at ElementArrayFinder.applyAction_ (/Users/himanshuarora/WebDevelopment/_vv/met323-app/GUITests_Protractor/node_modules/protractor/built/element.js:459:27)
                    at ElementArrayFinder.(anonymous function).args [as click] (/Users/himanshuarora/WebDevelopment/_vv/met323-app/GUITests_Protractor/node_modules/protractor/built/element.js:91:29)
                    at ElementFinder.(anonymous function).args [as click] (/Users/himanshuarora/WebDevelopment/_vv/met323-app/GUITests_Protractor/node_modules/protractor/built/element.js:831:22)
                    at TradeCreate.&lt;anonymous> (/Users/himanshuarora/WebDevelopment/_vv/met323-app/GUITests_Protractor/TestApp/pages/tradeCreate.ts:139:32)
                    at Generator.next (&lt;anonymous>)
                    at /Users/himanshuarora/WebDevelopment/_vv/met323-app/GUITests_Protractor/TestApp/pages/tradeCreate.js:7:71
                    at new Promise (&lt;anonymous>)
                    at __awaiter (/Users/himanshuarora/WebDevelopment/_vv/met323-app/GUITests_Protractor/TestApp/pages/tradeCreate.js:3:12)
                    at TradeCreate.enterTradeCreateDetails (/Users/himanshuarora/WebDevelopment/_vv/met323-app/GUITests_Protractor/TestApp/pages/tradeCreate.js:69:16)
                    at Object.&lt;anonymous> (/Users/himanshuarora/WebDevelopment/_vv/met323-app/GUITests_Protractor/TestApp/specs/tradeSearchTest.ts:113:31)
                From: Task: Run it("edit the trade") in control flow
                    at UserContext.&lt;anonymous> (/Users/himanshuarora/WebDevelopment/_vv/met323-app/GUITests_Protractor/node_modules/jasminewd2/index.js:94:19)
                    at attempt (/Users/himanshuarora/WebDevelopment/_vv/met323-app/GUITests_Protractor/node_modules/protractor/node_modules/jasmine-core/lib/jasmine-core/jasmine.js:4297:26)
                    at QueueRunner.run (/Users/himanshuarora/WebDevelopment/_vv/met323-app/GUITests_Protractor/node_modules/protractor/node_modules/jasmine-core/lib/jasmine-core/jasmine.js:4217:20)
                    at QueueRunner.execute (/Users/himanshuarora/WebDevelopment/_vv/met323-app/GUITests_Protractor/node_modules/protractor/node_modules/jasmine-core/lib/jasmine-core/jasmine.js:4199:10)
                    at Spec.queueRunnerFactory (/Users/himanshuarora/WebDevelopment/_vv/met323-app/GUITests_Protractor/node_modules/protractor/node_modules/jasmine-core/lib/jasmine-core/jasmine.js:909:35)
                    at Spec.execute (/Users/himanshuarora/WebDevelopment/_vv/met323-app/GUITests_Protractor/node_modules/protractor/node_modules/jasmine-core/lib/jasmine-core/jasmine.js:526:10)
                    at UserContext.fn (/Users/himanshuarora/WebDevelopment/_vv/met323-app/GUITests_Protractor/node_modules/protractor/node_modules/jasmine-core/lib/jasmine-core/jasmine.js:5340:37)
                    at attempt (/Users/himanshuarora/WebDevelopment/_vv/met323-app/GUITests_Protractor/node_modules/protractor/node_modules/jasmine-core/lib/jasmine-core/jasmine.js:4297:26)
                    at QueueRunner.run (/Users/himanshuarora/WebDevelopment/_vv/met323-app/GUITests_Protractor/node_modules/protractor/node_modules/jasmine-core/lib/jasmine-core/jasmine.js:4217:20)
                    at runNext (/Users/himanshuarora/WebDevelopment/_vv/met323-app/GUITests_Protractor/node_modules/protractor/node_modules/jasmine-core/lib/jasmine-core/jasmine.js:4257:20)
                From asynchronous test: 
                Error
                    at Object.&lt;anonymous> (/Users/himanshuarora/WebDevelopment/_vv/met323-app/GUITests_Protractor/TestApp/specs/tradeSearchTest.ts:104:5)
                    at Generator.next (&lt;anonymous>)
                    at /Users/himanshuarora/WebDevelopment/_vv/met323-app/GUITests_Protractor/TestApp/specs/tradeSearchTest.js:7:71
                    at new Promise (&lt;anonymous>)
                    at __awaiter (/Users/himanshuarora/WebDevelopment/_vv/met323-app/GUITests_Protractor/TestApp/specs/tradeSearchTest.js:3:12)
                    at Suite.describe (/Users/himanshuarora/WebDevelopment/_vv/met323-app/GUITests_Protractor/TestApp/specs/tradeSearchTest.ts:18:39)
                    at addSpecsToSuite (/Users/himanshuarora/WebDevelopment/_vv/met323-app/GUITests_Protractor/node_modules/protractor/node_modules/jasmine-core/lib/jasmine-core/jasmine.js:1107:25)
                    at Env.describe (/Users/himanshuarora/WebDevelopment/_vv/met323-app/GUITests_Protractor/node_modules/protractor/node_modules/jasmine-core/lib/jasmine-core/jasmine.js:1074:7)
                    at describe (/Users/himanshuarora/WebDevelopment/_vv/met323-app/GUITests_Protractor/node_modules/protractor/node_modules/jasmine-core/lib/jasmine-core/jasmine.js:4399:18)</stack-trace>
            </failure>
        </test-case>
    </test-cases>
</ns2:test-suite>