<?xml version='1.0'?>
<ns2:test-suite xmlns:ns2='urn:model.allure.qatools.yandex.ru' start='1538844252674' stop='1538844307404'>
    <name>Trade Search Test</name>
    <title>Trade Search Test</title>
    <test-cases>
        <test-case start='1538844252790' status='passed' stop='1538844262093'>
            <name>login to trade search</name>
            <title>login to trade search</title>
            <labels/>
            <parameters/>
            <steps/>
            <attachments>
                <attachment title='Screenshot' source='eaea8325-fdd4-46d9-9d09-b845fdb9746a-attachment.png' type='image/png' size='45529'/>
            </attachments>
        </test-case>
        <test-case start='1538844262093' status='failed' stop='1538844276446'>
            <name>search the trade</name>
            <title>search the trade</title>
            <labels/>
            <parameters/>
            <steps/>
            <attachments>
                <attachment title='Screenshot' source='f3cb5f06-6615-40bf-83b6-7168a4c853b7-attachment.png' type='image/png' size='150129'/>
            </attachments>
            <failure>
                <message>Failed: No element found using locator: By(xpath, //table[@id='tradeTable']/tobdy/tr[1]//td[contains(@class,'tradeDate')])</message>
                <stack-trace>NoSuchElementError: No element found using locator: By(xpath, //table[@id='tradeTable']/tobdy/tr[1]//td[contains(@class,'tradeDate')])
                    at elementArrayFinder.getWebElements.then (/Users/himanshuarora/WebDevelopment/_vv/met323-app/GUITests_Protractor/node_modules/protractor/built/element.js:814:27)
                    at ManagedPromise.invokeCallback_ (/Users/himanshuarora/WebDevelopment/_vv/met323-app/GUITests_Protractor/node_modules/selenium-webdriver/lib/promise.js:1376:14)
                    at TaskQueue.execute_ (/Users/himanshuarora/WebDevelopment/_vv/met323-app/GUITests_Protractor/node_modules/selenium-webdriver/lib/promise.js:3084:14)
                    at TaskQueue.executeNext_ (/Users/himanshuarora/WebDevelopment/_vv/met323-app/GUITests_Protractor/node_modules/selenium-webdriver/lib/promise.js:3067:27)
                    at asyncRun (/Users/himanshuarora/WebDevelopment/_vv/met323-app/GUITests_Protractor/node_modules/selenium-webdriver/lib/promise.js:2927:27)
                    at /Users/himanshuarora/WebDevelopment/_vv/met323-app/GUITests_Protractor/node_modules/selenium-webdriver/lib/promise.js:668:7
                    at process._tickCallback (internal/process/next_tick.js:68:7)Error
                    at ElementArrayFinder.applyAction_ (/Users/himanshuarora/WebDevelopment/_vv/met323-app/GUITests_Protractor/node_modules/protractor/built/element.js:459:27)
                    at ElementArrayFinder.(anonymous function).args [as getText] (/Users/himanshuarora/WebDevelopment/_vv/met323-app/GUITests_Protractor/node_modules/protractor/built/element.js:91:29)
                    at ElementFinder.(anonymous function).args [as getText] (/Users/himanshuarora/WebDevelopment/_vv/met323-app/GUITests_Protractor/node_modules/protractor/built/element.js:831:22)
                    at TradeGrid.&lt;anonymous> (/Users/himanshuarora/WebDevelopment/_vv/met323-app/GUITests_Protractor/TestApp/pages/tradeGrid.ts:117:121)
                    at Generator.next (&lt;anonymous>)
                    at fulfilled (/Users/himanshuarora/WebDevelopment/_vv/met323-app/GUITests_Protractor/TestApp/pages/tradeGrid.js:4:58)
                    at process._tickCallback (internal/process/next_tick.js:68:7)
                From: Task: Run it("search the trade") in control flow
                    at UserContext.&lt;anonymous> (/Users/himanshuarora/WebDevelopment/_vv/met323-app/GUITests_Protractor/node_modules/jasminewd2/index.js:94:19)
                    at attempt (/Users/himanshuarora/WebDevelopment/_vv/met323-app/GUITests_Protractor/node_modules/protractor/node_modules/jasmine-core/lib/jasmine-core/jasmine.js:4297:26)
                    at QueueRunner.run (/Users/himanshuarora/WebDevelopment/_vv/met323-app/GUITests_Protractor/node_modules/protractor/node_modules/jasmine-core/lib/jasmine-core/jasmine.js:4217:20)
                    at QueueRunner.execute (/Users/himanshuarora/WebDevelopment/_vv/met323-app/GUITests_Protractor/node_modules/protractor/node_modules/jasmine-core/lib/jasmine-core/jasmine.js:4199:10)
                    at Spec.queueRunnerFactory (/Users/himanshuarora/WebDevelopment/_vv/met323-app/GUITests_Protractor/node_modules/protractor/node_modules/jasmine-core/lib/jasmine-core/jasmine.js:909:35)
                    at Spec.execute (/Users/himanshuarora/WebDevelopment/_vv/met323-app/GUITests_Protractor/node_modules/protractor/node_modules/jasmine-core/lib/jasmine-core/jasmine.js:526:10)
                    at UserContext.fn (/Users/himanshuarora/WebDevelopment/_vv/met323-app/GUITests_Protractor/node_modules/protractor/node_modules/jasmine-core/lib/jasmine-core/jasmine.js:5340:37)
                    at attempt (/Users/himanshuarora/WebDevelopment/_vv/met323-app/GUITests_Protractor/node_modules/protractor/node_modules/jasmine-core/lib/jasmine-core/jasmine.js:4297:26)
                    at QueueRunner.run (/Users/himanshuarora/WebDevelopment/_vv/met323-app/GUITests_Protractor/node_modules/protractor/node_modules/jasmine-core/lib/jasmine-core/jasmine.js:4217:20)
                    at runNext (/Users/himanshuarora/WebDevelopment/_vv/met323-app/GUITests_Protractor/node_modules/protractor/node_modules/jasmine-core/lib/jasmine-core/jasmine.js:4257:20)
                From asynchronous test: 
                Error
                    at Object.&lt;anonymous> (/Users/himanshuarora/WebDevelopment/_vv/met323-app/GUITests_Protractor/TestApp/specs/tradeSearchTest.ts:42:5)
                    at Generator.next (&lt;anonymous>)
                    at /Users/himanshuarora/WebDevelopment/_vv/met323-app/GUITests_Protractor/TestApp/specs/tradeSearchTest.js:7:71
                    at new Promise (&lt;anonymous>)
                    at __awaiter (/Users/himanshuarora/WebDevelopment/_vv/met323-app/GUITests_Protractor/TestApp/specs/tradeSearchTest.js:3:12)
                    at Suite.describe (/Users/himanshuarora/WebDevelopment/_vv/met323-app/GUITests_Protractor/TestApp/specs/tradeSearchTest.ts:17:39)
                    at addSpecsToSuite (/Users/himanshuarora/WebDevelopment/_vv/met323-app/GUITests_Protractor/node_modules/protractor/node_modules/jasmine-core/lib/jasmine-core/jasmine.js:1107:25)
                    at Env.describe (/Users/himanshuarora/WebDevelopment/_vv/met323-app/GUITests_Protractor/node_modules/protractor/node_modules/jasmine-core/lib/jasmine-core/jasmine.js:1074:7)
                    at describe (/Users/himanshuarora/WebDevelopment/_vv/met323-app/GUITests_Protractor/node_modules/protractor/node_modules/jasmine-core/lib/jasmine-core/jasmine.js:4399:18)</stack-trace>
            </failure>
        </test-case>
        <test-case start='1538844276446' status='failed' stop='1538844307403'>
            <name>enter the details for trade create</name>
            <title>enter the details for trade create</title>
            <labels/>
            <parameters/>
            <steps/>
            <attachments>
                <attachment title='Screenshot' source='5d9014d6-26f1-4595-800a-f8863c9aa354-attachment.png' type='image/png' size='236880'/>
            </attachments>
            <failure>
                <message>Error: Timeout - Async callback was not invoked within timeout specified by jasmine.DEFAULT_TIMEOUT_INTERVAL.</message>
                <stack-trace>Error: Timeout - Async callback was not invoked within timeout specified by jasmine.DEFAULT_TIMEOUT_INTERVAL.
                    at Timeout._onTimeout (/Users/himanshuarora/WebDevelopment/_vv/met323-app/GUITests_Protractor/node_modules/protractor/node_modules/jasmine-core/lib/jasmine-core/jasmine.js:4281:23)
                    at ontimeout (timers.js:424:11)
                    at tryOnTimeout (timers.js:288:5)
                    at listOnTimeout (timers.js:251:5)
                    at Timer.processTimers (timers.js:211:10)</stack-trace>
            </failure>
        </test-case>
    </test-cases>
</ns2:test-suite>