<?xml version='1.0'?>
<ns2:test-suite xmlns:ns2='urn:model.allure.qatools.yandex.ru' start='1538810470262' stop='1538810499020'>
    <name>Trade Search Test</name>
    <title>Trade Search Test</title>
    <test-cases>
        <test-case start='1538810470262' status='failed' stop='1538810479763'>
            <name>login to trade search</name>
            <title>login to trade search</title>
            <labels/>
            <parameters/>
            <steps/>
            <attachments>
                <attachment title='Screenshot' source='6d69a846-68fb-4095-8c6d-847b5a219172-attachment.png' type='image/png' size='130776'/>
            </attachments>
            <failure>
                <message>InvalidSelectorError: invalid selector: Unable to locate an element with the xpath expression //span[text()='Login' because of the following error:
                SyntaxError: Failed to execute 'evaluate' on 'Document': The string '//span[text()='Login'' is not a valid XPath expression.
                  (Session info: chrome=69.0.3497.100)
                  (Driver info: chromedriver=2.42.591059 (a3d9684d10d61aa0c45f6723b327283be1ebaad8),platform=Mac OS X 10.13.6 x86_64)</message>
                <stack-trace>InvalidSelectorError: invalid selector: Unable to locate an element with the xpath expression //span[text()='Login' because of the following error:
                SyntaxError: Failed to execute 'evaluate' on 'Document': The string '//span[text()='Login'' is not a valid XPath expression.
                  (Session info: chrome=69.0.3497.100)
                  (Driver info: chromedriver=2.42.591059 (a3d9684d10d61aa0c45f6723b327283be1ebaad8),platform=Mac OS X 10.13.6 x86_64)
                    at Object.checkLegacyResponse (/Users/himanshuarora/WebDevelopment/_vv/met323-app/GUITests_Protractor/node_modules/selenium-webdriver/lib/error.js:546:15)
                    at parseHttpResponse (/Users/himanshuarora/WebDevelopment/_vv/met323-app/GUITests_Protractor/node_modules/selenium-webdriver/lib/http.js:509:13)
                    at doSend.then.response (/Users/himanshuarora/WebDevelopment/_vv/met323-app/GUITests_Protractor/node_modules/selenium-webdriver/lib/http.js:441:30)
                    at process._tickCallback (internal/process/next_tick.js:68:7)
                From: Task: WebDriver.findElements(By(xpath, //span[text()='Login'))
                    at Driver.schedule (/Users/himanshuarora/WebDevelopment/_vv/met323-app/GUITests_Protractor/node_modules/selenium-webdriver/lib/webdriver.js:807:17)
                    at Driver.findElements (/Users/himanshuarora/WebDevelopment/_vv/met323-app/GUITests_Protractor/node_modules/selenium-webdriver/lib/webdriver.js:1048:19)
                    at ptor.waitForAngular.then (/Users/himanshuarora/WebDevelopment/_vv/met323-app/GUITests_Protractor/node_modules/protractor/built/element.js:159:44)
                    at ManagedPromise.invokeCallback_ (/Users/himanshuarora/WebDevelopment/_vv/met323-app/GUITests_Protractor/node_modules/selenium-webdriver/lib/promise.js:1376:14)
                    at TaskQueue.execute_ (/Users/himanshuarora/WebDevelopment/_vv/met323-app/GUITests_Protractor/node_modules/selenium-webdriver/lib/promise.js:3084:14)
                    at TaskQueue.executeNext_ (/Users/himanshuarora/WebDevelopment/_vv/met323-app/GUITests_Protractor/node_modules/selenium-webdriver/lib/promise.js:3067:27)
                    at asyncRun (/Users/himanshuarora/WebDevelopment/_vv/met323-app/GUITests_Protractor/node_modules/selenium-webdriver/lib/promise.js:2927:27)
                    at /Users/himanshuarora/WebDevelopment/_vv/met323-app/GUITests_Protractor/node_modules/selenium-webdriver/lib/promise.js:668:7
                    at process._tickCallback (internal/process/next_tick.js:68:7)Error
                    at ElementArrayFinder.applyAction_ (/Users/himanshuarora/WebDevelopment/_vv/met323-app/GUITests_Protractor/node_modules/protractor/built/element.js:459:27)
                    at ElementArrayFinder.(anonymous function).args [as getAttribute] (/Users/himanshuarora/WebDevelopment/_vv/met323-app/GUITests_Protractor/node_modules/protractor/built/element.js:91:29)
                    at ElementFinder.(anonymous function).args [as getAttribute] (/Users/himanshuarora/WebDevelopment/_vv/met323-app/GUITests_Protractor/node_modules/protractor/built/element.js:831:22)
                    at HomePage.&lt;anonymous> (/Users/himanshuarora/WebDevelopment/_vv/met323-app/GUITests_Protractor/TestApp/pages/HomePage.ts:89:69)
                    at Generator.next (&lt;anonymous>)
                    at fulfilled (/Users/himanshuarora/WebDevelopment/_vv/met323-app/GUITests_Protractor/TestApp/pages/HomePage.js:4:58)</stack-trace>
            </failure>
        </test-case>
        <test-case start='1538810479763' status='failed' stop='1538810499019'>
            <name>search the trade</name>
            <title>search the trade</title>
            <labels/>
            <parameters/>
            <steps/>
            <attachments>
                <attachment title='Screenshot' source='68a050f1-87ec-484b-9608-9e07ba16a882-attachment.png' type='image/png' size='130776'/>
            </attachments>
            <failure>
                <message>Failed: script timeout: result was not received in 11 seconds
                  (Session info: chrome=69.0.3497.100)
                  (Driver info: chromedriver=2.42.591059 (a3d9684d10d61aa0c45f6723b327283be1ebaad8),platform=Mac OS X 10.13.6 x86_64)</message>
                <stack-trace>ScriptTimeoutError: script timeout: result was not received in 11 seconds
                  (Session info: chrome=69.0.3497.100)
                  (Driver info: chromedriver=2.42.591059 (a3d9684d10d61aa0c45f6723b327283be1ebaad8),platform=Mac OS X 10.13.6 x86_64)
                    at Object.checkLegacyResponse (/Users/himanshuarora/WebDevelopment/_vv/met323-app/GUITests_Protractor/node_modules/selenium-webdriver/lib/error.js:546:15)
                    at parseHttpResponse (/Users/himanshuarora/WebDevelopment/_vv/met323-app/GUITests_Protractor/node_modules/selenium-webdriver/lib/http.js:509:13)
                    at doSend.then.response (/Users/himanshuarora/WebDevelopment/_vv/met323-app/GUITests_Protractor/node_modules/selenium-webdriver/lib/http.js:441:30)
                    at process._tickCallback (internal/process/next_tick.js:68:7)
                From: Task: Protractor.waitForAngular() - Locator: By(xpath, //form[@id='searchForm']//mat-select[@name='commodity'])
                    at Driver.schedule (/Users/himanshuarora/WebDevelopment/_vv/met323-app/GUITests_Protractor/node_modules/selenium-webdriver/lib/webdriver.js:807:17)
                    at ProtractorBrowser.executeAsyncScript_ (/Users/himanshuarora/WebDevelopment/_vv/met323-app/GUITests_Protractor/node_modules/protractor/built/browser.js:425:28)
                    at angularAppRoot.then (/Users/himanshuarora/WebDevelopment/_vv/met323-app/GUITests_Protractor/node_modules/protractor/built/browser.js:456:33)
                    at ManagedPromise.invokeCallback_ (/Users/himanshuarora/WebDevelopment/_vv/met323-app/GUITests_Protractor/node_modules/selenium-webdriver/lib/promise.js:1376:14)
                    at TaskQueue.execute_ (/Users/himanshuarora/WebDevelopment/_vv/met323-app/GUITests_Protractor/node_modules/selenium-webdriver/lib/promise.js:3084:14)
                    at TaskQueue.executeNext_ (/Users/himanshuarora/WebDevelopment/_vv/met323-app/GUITests_Protractor/node_modules/selenium-webdriver/lib/promise.js:3067:27)
                    at asyncRun (/Users/himanshuarora/WebDevelopment/_vv/met323-app/GUITests_Protractor/node_modules/selenium-webdriver/lib/promise.js:2927:27)
                    at /Users/himanshuarora/WebDevelopment/_vv/met323-app/GUITests_Protractor/node_modules/selenium-webdriver/lib/promise.js:668:7Error
                    at ElementArrayFinder.applyAction_ (/Users/himanshuarora/WebDevelopment/_vv/met323-app/GUITests_Protractor/node_modules/protractor/built/element.js:459:27)
                    at ElementArrayFinder.(anonymous function).args [as getAttribute] (/Users/himanshuarora/WebDevelopment/_vv/met323-app/GUITests_Protractor/node_modules/protractor/built/element.js:91:29)
                    at ElementFinder.(anonymous function).args [as getAttribute] (/Users/himanshuarora/WebDevelopment/_vv/met323-app/GUITests_Protractor/node_modules/protractor/built/element.js:831:22)
                    at TradeSearch.&lt;anonymous> (/Users/himanshuarora/WebDevelopment/_vv/met323-app/GUITests_Protractor/TestApp/pages/tradeSearch.ts:139:98)
                    at Generator.next (&lt;anonymous>)
                    at fulfilled (/Users/himanshuarora/WebDevelopment/_vv/met323-app/GUITests_Protractor/TestApp/pages/tradeSearch.js:4:58)
                From: Task: Run it("search the trade") in control flow
                    at UserContext.&lt;anonymous> (/Users/himanshuarora/WebDevelopment/_vv/met323-app/GUITests_Protractor/node_modules/jasminewd2/index.js:94:19)
                    at attempt (/Users/himanshuarora/WebDevelopment/_vv/met323-app/GUITests_Protractor/node_modules/protractor/node_modules/jasmine-core/lib/jasmine-core/jasmine.js:4297:26)
                    at QueueRunner.run (/Users/himanshuarora/WebDevelopment/_vv/met323-app/GUITests_Protractor/node_modules/protractor/node_modules/jasmine-core/lib/jasmine-core/jasmine.js:4217:20)
                    at QueueRunner.execute (/Users/himanshuarora/WebDevelopment/_vv/met323-app/GUITests_Protractor/node_modules/protractor/node_modules/jasmine-core/lib/jasmine-core/jasmine.js:4199:10)
                    at Spec.queueRunnerFactory (/Users/himanshuarora/WebDevelopment/_vv/met323-app/GUITests_Protractor/node_modules/protractor/node_modules/jasmine-core/lib/jasmine-core/jasmine.js:909:35)
                    at Spec.execute (/Users/himanshuarora/WebDevelopment/_vv/met323-app/GUITests_Protractor/node_modules/protractor/node_modules/jasmine-core/lib/jasmine-core/jasmine.js:526:10)
                    at UserContext.fn (/Users/himanshuarora/WebDevelopment/_vv/met323-app/GUITests_Protractor/node_modules/protractor/node_modules/jasmine-core/lib/jasmine-core/jasmine.js:5340:37)
                    at attempt (/Users/himanshuarora/WebDevelopment/_vv/met323-app/GUITests_Protractor/node_modules/protractor/node_modules/jasmine-core/lib/jasmine-core/jasmine.js:4297:26)
                    at QueueRunner.run (/Users/himanshuarora/WebDevelopment/_vv/met323-app/GUITests_Protractor/node_modules/protractor/node_modules/jasmine-core/lib/jasmine-core/jasmine.js:4217:20)
                    at runNext (/Users/himanshuarora/WebDevelopment/_vv/met323-app/GUITests_Protractor/node_modules/protractor/node_modules/jasmine-core/lib/jasmine-core/jasmine.js:4257:20)
                From asynchronous test: 
                Error
                    at Object.&lt;anonymous> (/Users/himanshuarora/WebDevelopment/_vv/met323-app/GUITests_Protractor/TestApp/specs/tradeSearchTest.ts:25:5)
                    at Generator.next (&lt;anonymous>)
                    at /Users/himanshuarora/WebDevelopment/_vv/met323-app/GUITests_Protractor/TestApp/specs/tradeSearchTest.js:7:71
                    at new Promise (&lt;anonymous>)
                    at __awaiter (/Users/himanshuarora/WebDevelopment/_vv/met323-app/GUITests_Protractor/TestApp/specs/tradeSearchTest.js:3:12)
                    at Suite.describe (/Users/himanshuarora/WebDevelopment/_vv/met323-app/GUITests_Protractor/TestApp/specs/tradeSearchTest.ts:11:39)
                    at addSpecsToSuite (/Users/himanshuarora/WebDevelopment/_vv/met323-app/GUITests_Protractor/node_modules/protractor/node_modules/jasmine-core/lib/jasmine-core/jasmine.js:1107:25)
                    at Env.describe (/Users/himanshuarora/WebDevelopment/_vv/met323-app/GUITests_Protractor/node_modules/protractor/node_modules/jasmine-core/lib/jasmine-core/jasmine.js:1074:7)
                    at describe (/Users/himanshuarora/WebDevelopment/_vv/met323-app/GUITests_Protractor/node_modules/protractor/node_modules/jasmine-core/lib/jasmine-core/jasmine.js:4399:18)</stack-trace>
            </failure>
        </test-case>
    </test-cases>
</ns2:test-suite>